<?xml version="1.0" encoding="UTF-8"?>
<!-- Generated by org.testng.reporters.JUnitReportReporter -->
<testsuite hostname="Target-PC" name="TestAutomationTasks.Shein" tests="2" failures="0" timestamp="18 Nov 2018 13:07:37 GMT" time="85.346" errors="0">
  <testcase name="invalidSignUp" time="46.634" classname="TestAutomationTasks.Shein"/>
  <testcase name="invalidSignIn" time="38.712" classname="TestAutomationTasks.Shein"/>
</testsuite> <!-- TestAutomationTasks.Shein -->
